This is pdfTeX, Version 3.14159265-2.6-1.40.20 (TeX Live 2019) (preloaded format=pdflatex 2019.10.22)  23 DEC 2020 19:36
entering extended mode
 restricted \write18 enabled.
 %&-line parsing enabled.
**main.tex
(./main.tex
LaTeX2e <2018-12-01>
(/usr/local/texlive/2019/texmf-dist/tex/latex/base/article.cls
Document Class: article 2018/09/03 v1.4i Standard LaTeX document class
(/usr/local/texlive/2019/texmf-dist/tex/latex/base/size10.clo
File: size10.clo 2018/09/03 v1.4i Standard LaTeX file (size option)
)
\c@part=\count80
\c@section=\count81
\c@subsection=\count82
\c@subsubsection=\count83
\c@paragraph=\count84
\c@subparagraph=\count85
\c@figure=\count86
\c@table=\count87
\abovecaptionskip=\skip41
\belowcaptionskip=\skip42
\bibindent=\dimen102
)
(/usr/local/texlive/2019/texmf-dist/tex/generic/babel/babel.sty
Package: babel 2019/05/04 3.31 The Babel package

(/usr/local/texlive/2019/texmf-dist/tex/generic/babel/switch.def
File: switch.def 2019/05/04 3.31 Babel switching mechanism
)
(/usr/local/texlive/2019/texmf-dist/tex/generic/babel-english/english.ldf
Language: english 2017/06/06 v3.3r English support from the babel system

(/usr/local/texlive/2019/texmf-dist/tex/generic/babel/babel.def
File: babel.def 2019/05/04 3.31 Babel common definitions
\babel@savecnt=\count88
\U@D=\dimen103

(/usr/local/texlive/2019/texmf-dist/tex/generic/babel/txtbabel.def)
\bbl@dirlevel=\count89
)
\l@canadian = a dialect from \language\l@american 
\l@australian = a dialect from \language\l@british 
\l@newzealand = a dialect from \language\l@british 
))
(/usr/local/texlive/2019/texmf-dist/tex/latex/base/inputenc.sty
Package: inputenc 2018/08/11 v1.3c Input encoding file
\inpenc@prehook=\toks14
\inpenc@posthook=\toks15
)
(/usr/local/texlive/2019/texmf-dist/tex/latex/appendix/appendix.sty
Package: appendix 2009/09/02 v1.2b extra appendix facilities
\c@@pps=\count90
\c@@ppsavesec=\count91
\c@@ppsaveapp=\count92
)
(/usr/local/texlive/2019/texmf-dist/tex/latex/graphics/graphicx.sty
Package: graphicx 2017/06/01 v1.1a Enhanced LaTeX Graphics (DPC,SPQR)

(/usr/local/texlive/2019/texmf-dist/tex/latex/graphics/keyval.sty
Package: keyval 2014/10/28 v1.15 key=value parser (DPC)
\KV@toks@=\toks16
)
(/usr/local/texlive/2019/texmf-dist/tex/latex/graphics/graphics.sty
Package: graphics 2017/06/25 v1.2c Standard LaTeX Graphics (DPC,SPQR)

(/usr/local/texlive/2019/texmf-dist/tex/latex/graphics/trig.sty
Package: trig 2016/01/03 v1.10 sin cos tan (DPC)
)
(/usr/local/texlive/2019/texmf-dist/tex/latex/graphics-cfg/graphics.cfg
File: graphics.cfg 2016/06/04 v1.11 sample graphics configuration
)
Package graphics Info: Driver file: pdftex.def on input line 99.

(/usr/local/texlive/2019/texmf-dist/tex/latex/graphics-def/pdftex.def
File: pdftex.def 2018/01/08 v1.0l Graphics/color driver for pdftex
))
\Gin@req@height=\dimen104
\Gin@req@width=\dimen105
)
(/usr/local/texlive/2019/texmf-dist/tex/latex/tocbibind/tocbibind.sty
Package: tocbibind 2010/10/13 v1.5k extra ToC listings
Package tocbibind Info: The document has section divisions on input line 50.


Package tocbibind Note: Using section or other style headings.

) (/usr/local/texlive/2019/texmf-dist/tex/latex/titling/titling.sty
Package: titling 2009/09/04 v2.1d maketitle typesetting
\thanksmarkwidth=\skip43
\thanksmargin=\skip44
\droptitle=\skip45
)
(/usr/local/texlive/2019/texmf-dist/tex/latex/setspace/setspace.sty
Package: setspace 2011/12/19 v6.7a set line spacing
)
(/usr/local/texlive/2019/texmf-dist/tex/latex/multirow/multirow.sty
Package: multirow 2019/01/01 v2.4 Span multiple rows of a table
\multirow@colwidth=\skip46
\multirow@cntb=\count93
\multirow@dima=\skip47
\bigstrutjot=\dimen106
)
(/usr/local/texlive/2019/texmf-dist/tex/latex/tools/array.sty
Package: array 2018/12/30 v2.4k Tabular extension package (FMi)
\col@sep=\dimen107
\ar@mcellbox=\box27
\extrarowheight=\dimen108
\NC@list=\toks17
\extratabsurround=\skip48
\backup@length=\skip49
\ar@cellbox=\box28
) (./main.aux)
\openout1 = `main.aux'.

LaTeX Font Info:    Checking defaults for OML/cmm/m/it on input line 29.
LaTeX Font Info:    ... okay on input line 29.
LaTeX Font Info:    Checking defaults for T1/cmr/m/n on input line 29.
LaTeX Font Info:    ... okay on input line 29.
LaTeX Font Info:    Checking defaults for OT1/cmr/m/n on input line 29.
LaTeX Font Info:    ... okay on input line 29.
LaTeX Font Info:    Checking defaults for OMS/cmsy/m/n on input line 29.
LaTeX Font Info:    ... okay on input line 29.
LaTeX Font Info:    Checking defaults for OMX/cmex/m/n on input line 29.
LaTeX Font Info:    ... okay on input line 29.
LaTeX Font Info:    Checking defaults for U/cmr/m/n on input line 29.
LaTeX Font Info:    ... okay on input line 29.

(/usr/local/texlive/2019/texmf-dist/tex/context/base/mkii/supp-pdf.mkii
[Loading MPS to PDF converter (version 2006.09.02).]
\scratchcounter=\count94
\scratchdimen=\dimen109
\scratchbox=\box29
\nofMPsegments=\count95
\nofMParguments=\count96
\everyMPshowfont=\toks18
\MPscratchCnt=\count97
\MPscratchDim=\dimen110
\MPnumerator=\count98
\makeMPintoPDFobject=\count99
\everyMPtoPDFconversion=\toks19
) (/usr/local/texlive/2019/texmf-dist/tex/latex/oberdiek/epstopdf-base.sty
Package: epstopdf-base 2016/05/15 v2.6 Base part for package epstopdf

(/usr/local/texlive/2019/texmf-dist/tex/generic/oberdiek/infwarerr.sty
Package: infwarerr 2016/05/16 v1.4 Providing info/warning/error messages (HO)
)
(/usr/local/texlive/2019/texmf-dist/tex/latex/oberdiek/grfext.sty
Package: grfext 2016/05/16 v1.2 Manage graphics extensions (HO)

(/usr/local/texlive/2019/texmf-dist/tex/generic/oberdiek/kvdefinekeys.sty
Package: kvdefinekeys 2016/05/16 v1.4 Define keys (HO)

(/usr/local/texlive/2019/texmf-dist/tex/generic/oberdiek/ltxcmds.sty
Package: ltxcmds 2016/05/16 v1.23 LaTeX kernel commands for general use (HO)
)))
(/usr/local/texlive/2019/texmf-dist/tex/latex/oberdiek/kvoptions.sty
Package: kvoptions 2016/05/16 v3.12 Key value format for package options (HO)

(/usr/local/texlive/2019/texmf-dist/tex/generic/oberdiek/kvsetkeys.sty
Package: kvsetkeys 2016/05/16 v1.17 Key value parser (HO)

(/usr/local/texlive/2019/texmf-dist/tex/generic/oberdiek/etexcmds.sty
Package: etexcmds 2016/05/16 v1.6 Avoid name clashes with e-TeX commands (HO)

(/usr/local/texlive/2019/texmf-dist/tex/generic/oberdiek/ifluatex.sty
Package: ifluatex 2016/05/16 v1.4 Provides the ifluatex switch (HO)
Package ifluatex Info: LuaTeX not detected.
))))
(/usr/local/texlive/2019/texmf-dist/tex/generic/oberdiek/pdftexcmds.sty
Package: pdftexcmds 2018/09/10 v0.29 Utility functions of pdfTeX for LuaTeX (HO
)

(/usr/local/texlive/2019/texmf-dist/tex/generic/oberdiek/ifpdf.sty
Package: ifpdf 2018/09/07 v3.3 Provides the ifpdf switch
)
Package pdftexcmds Info: LuaTeX not detected.
Package pdftexcmds Info: \pdf@primitive is available.
Package pdftexcmds Info: \pdf@ifprimitive is available.
Package pdftexcmds Info: \pdfdraftmode found.
)
Package epstopdf-base Info: Redefining graphics rule for `.eps' on input line 4
38.
Package grfext Info: Graphics extension search list:
(grfext)             [.pdf,.png,.jpg,.mps,.jpeg,.jbig2,.jb2,.PDF,.PNG,.JPG,.JPE
G,.JBIG2,.JB2,.eps]
(grfext)             \AppendGraphicsExtensions on input line 456.

(/usr/local/texlive/2019/texmf-dist/tex/latex/latexconfig/epstopdf-sys.cfg
File: epstopdf-sys.cfg 2010/07/13 v1.3 Configuration of (r)epstopdf for TeX Liv
e
))
LaTeX Font Info:    External font `cmex10' loaded for size
(Font)              <12> on input line 35.
LaTeX Font Info:    External font `cmex10' loaded for size
(Font)              <8> on input line 35.
LaTeX Font Info:    External font `cmex10' loaded for size
(Font)              <6> on input line 35.

[1

{/usr/local/texlive/2019/texmf-var/fonts/map/pdftex/updmap/pdftex.map}]
[2]
LaTeX Font Info:    External font `cmex10' loaded for size
(Font)              <7> on input line 70.
LaTeX Font Info:    External font `cmex10' loaded for size
(Font)              <5> on input line 70.
LaTeX Font Info:    Try loading font information for OMS+cmr on input line 70.
 (/usr/local/texlive/2019/texmf-dist/tex/latex/base/omscmr.fd
File: omscmr.fd 2014/09/29 v2.5h Standard LaTeX font definitions
)
LaTeX Font Info:    Font shape `OMS/cmr/m/n' in size <10> not available
(Font)              Font shape `OMS/cmsy/m/n' tried instead on input line 70.
 [3] [4]
LaTeX Font Info:    External font `cmex10' loaded for size
(Font)              <9> on input line 109.

Underfull \hbox (badness 10000) in paragraph at lines 210--210

 []


Overfull \hbox (2.84544pt too wide) detected at line 210
 $[]$ 
 []


Underfull \hbox (badness 10000) in paragraph at lines 210--210

 []


Overfull \hbox (2.84544pt too wide) detected at line 210
 $[]$ 
 []


Underfull \hbox (badness 10000) in paragraph at lines 210--210

 []


Overfull \hbox (2.84544pt too wide) detected at line 210
 $[]$ 
 []


Underfull \hbox (badness 10000) in paragraph at lines 210--210

 []


Overfull \hbox (2.84544pt too wide) detected at line 210
 $[]$ 
 []


Underfull \hbox (badness 10000) in paragraph at lines 211--211

 []


Overfull \hbox (2.84544pt too wide) detected at line 211
 $[]$ 
 []


Underfull \hbox (badness 10000) in paragraph at lines 211--211

 []


Overfull \hbox (2.84544pt too wide) detected at line 211
 $[]$ 
 []


Underfull \hbox (badness 10000) in paragraph at lines 211--211

 []


Overfull \hbox (2.84544pt too wide) detected at line 211
 $[]$ 
 []


Underfull \hbox (badness 10000) in paragraph at lines 211--211

 []


Overfull \hbox (2.84544pt too wide) detected at line 211
 $[]$ 
 []


Underfull \hbox (badness 10000) in paragraph at lines 215--215

 []


Overfull \hbox (2.84544pt too wide) detected at line 215
 $[]$ 
 []


Underfull \hbox (badness 10000) in paragraph at lines 215--215

 []


Overfull \hbox (2.84544pt too wide) detected at line 215
 $[]$ 
 []


Underfull \hbox (badness 10000) in paragraph at lines 215--215

 []


Overfull \hbox (2.84544pt too wide) detected at line 215
 $[]$ 
 []


Underfull \hbox (badness 10000) in paragraph at lines 215--215

 []


Overfull \hbox (2.84544pt too wide) detected at line 215
 $[]$ 
 []


Underfull \hbox (badness 10000) in paragraph at lines 216--216

 []


Overfull \hbox (2.84544pt too wide) detected at line 216
 $[]$ 
 []


Underfull \hbox (badness 10000) in paragraph at lines 216--216

 []


Overfull \hbox (2.84544pt too wide) detected at line 216
 $[]$ 
 []


Underfull \hbox (badness 10000) in paragraph at lines 216--216

 []


Overfull \hbox (2.84544pt too wide) detected at line 216
 $[]$ 
 []


Underfull \hbox (badness 10000) in paragraph at lines 216--216

 []


Overfull \hbox (2.84544pt too wide) detected at line 216
 $[]$ 
 []


Underfull \hbox (badness 10000) in paragraph at lines 230--230

 []


Overfull \hbox (2.84544pt too wide) detected at line 230
 $[]$ 
 []


Underfull \hbox (badness 10000) in paragraph at lines 230--230

 []


Overfull \hbox (2.84544pt too wide) detected at line 230
 $[]$ 
 []


Underfull \hbox (badness 10000) in paragraph at lines 230--230

 []


Overfull \hbox (2.84544pt too wide) detected at line 230
 $[]$ 
 []


Underfull \hbox (badness 10000) in paragraph at lines 230--230

 []


Overfull \hbox (2.84544pt too wide) detected at line 230
 $[]$ 
 []


Underfull \hbox (badness 10000) in paragraph at lines 231--231

 []


Overfull \hbox (2.84544pt too wide) detected at line 231
 $[]$ 
 []


Underfull \hbox (badness 10000) in paragraph at lines 231--231

 []


Overfull \hbox (2.84544pt too wide) detected at line 231
 $[]$ 
 []


Underfull \hbox (badness 10000) in paragraph at lines 231--231

 []


Overfull \hbox (2.84544pt too wide) detected at line 231
 $[]$ 
 []


Underfull \hbox (badness 10000) in paragraph at lines 231--231

 []


Overfull \hbox (2.84544pt too wide) detected at line 231
 $[]$ 
 []


Underfull \hbox (badness 10000) in paragraph at lines 235--235

 []


Overfull \hbox (2.84544pt too wide) detected at line 235
 $[]$ 
 []


Underfull \hbox (badness 10000) in paragraph at lines 235--235

 []


Overfull \hbox (2.84544pt too wide) detected at line 235
 $[]$ 
 []


Underfull \hbox (badness 10000) in paragraph at lines 235--235

 []


Overfull \hbox (2.84544pt too wide) detected at line 235
 $[]$ 
 []


Underfull \hbox (badness 10000) in paragraph at lines 235--235

 []


Overfull \hbox (2.84544pt too wide) detected at line 235
 $[]$ 
 []


Underfull \hbox (badness 10000) in paragraph at lines 236--236

 []


Overfull \hbox (2.84544pt too wide) detected at line 236
 $[]$ 
 []


Underfull \hbox (badness 10000) in paragraph at lines 236--236

 []


Overfull \hbox (2.84544pt too wide) detected at line 236
 $[]$ 
 []


Underfull \hbox (badness 10000) in paragraph at lines 236--236

 []


Overfull \hbox (2.84544pt too wide) detected at line 236
 $[]$ 
 []


Underfull \hbox (badness 10000) in paragraph at lines 236--236

 []


Overfull \hbox (2.84544pt too wide) detected at line 236
 $[]$ 
 []

[5] [6]
Overfull \hbox (2.84544pt too wide) detected at line 256
 $[]$ 
 []


Overfull \hbox (2.84544pt too wide) detected at line 256
 $[]$ 
 []


Overfull \hbox (2.84544pt too wide) detected at line 256
 $[]$ 
 []


Underfull \hbox (badness 10000) in paragraph at lines 256--256

 []


Overfull \hbox (2.84544pt too wide) detected at line 256
 $[]$ 
 []


Overfull \hbox (2.84544pt too wide) detected at line 257
 $[]$ 
 []


Overfull \hbox (2.84544pt too wide) detected at line 257
 $[]$ 
 []


Underfull \hbox (badness 10000) in paragraph at lines 257--257

 []


Overfull \hbox (2.84544pt too wide) detected at line 257
 $[]$ 
 []


Underfull \hbox (badness 10000) in paragraph at lines 257--257

 []


Overfull \hbox (2.84544pt too wide) detected at line 257
 $[]$ 
 []


Underfull \hbox (badness 10000) in paragraph at lines 261--261

 []


Overfull \hbox (2.84544pt too wide) detected at line 261
 $[]$ 
 []


Underfull \hbox (badness 10000) in paragraph at lines 261--261

 []


Overfull \hbox (2.84544pt too wide) detected at line 261
 $[]$ 
 []


Underfull \hbox (badness 10000) in paragraph at lines 261--261

 []


Overfull \hbox (2.84544pt too wide) detected at line 261
 $[]$ 
 []


Underfull \hbox (badness 10000) in paragraph at lines 261--261

 []


Overfull \hbox (2.84544pt too wide) detected at line 261
 $[]$ 
 []


Underfull \hbox (badness 10000) in paragraph at lines 262--262

 []


Overfull \hbox (2.84544pt too wide) detected at line 262
 $[]$ 
 []


Underfull \hbox (badness 10000) in paragraph at lines 262--262

 []


Overfull \hbox (2.84544pt too wide) detected at line 262
 $[]$ 
 []


Underfull \hbox (badness 10000) in paragraph at lines 262--262

 []


Overfull \hbox (2.84544pt too wide) detected at line 262
 $[]$ 
 []


Underfull \hbox (badness 10000) in paragraph at lines 262--262

 []


Overfull \hbox (2.84544pt too wide) detected at line 262
 $[]$ 
 []

[7] [8] (./main.bbl [9]) [10] (./main.aux) ) 
Here is how much of TeX's memory you used:
 2441 strings out of 492616
 34938 string characters out of 6129480
 127205 words of memory out of 5000000
 6316 multiletter control sequences out of 15000+600000
 9762 words of font info for 34 fonts, out of 8000000 for 9000
 1141 hyphenation exceptions out of 8191
 41i,12n,28p,1159b,271s stack positions out of 5000i,500n,10000p,200000b,80000s
</usr/local/texlive/2019/texmf-dist
/fonts/type1/public/amsfonts/cm/cmbx10.pfb></usr/local/texlive/2019/texmf-dist/
fonts/type1/public/amsfonts/cm/cmbx12.pfb></usr/local/texlive/2019/texmf-dist/f
onts/type1/public/amsfonts/cm/cmbx9.pfb></usr/local/texlive/2019/texmf-dist/fon
ts/type1/public/amsfonts/cm/cmcsc10.pfb></usr/local/texlive/2019/texmf-dist/fon
ts/type1/public/amsfonts/cm/cmmi10.pfb></usr/local/texlive/2019/texmf-dist/font
s/type1/public/amsfonts/cm/cmr10.pfb></usr/local/texlive/2019/texmf-dist/fonts/
type1/public/amsfonts/cm/cmr12.pfb></usr/local/texlive/2019/texmf-dist/fonts/ty
pe1/public/amsfonts/cm/cmr17.pfb></usr/local/texlive/2019/texmf-dist/fonts/type
1/public/amsfonts/cm/cmr9.pfb></usr/local/texlive/2019/texmf-dist/fonts/type1/p
ublic/amsfonts/cm/cmsy10.pfb></usr/local/texlive/2019/texmf-dist/fonts/type1/pu
blic/amsfonts/cm/cmti10.pfb>
Output written on main.pdf (10 pages, 183393 bytes).
PDF statistics:
 81 PDF objects out of 1000 (max. 8388607)
 57 compressed objects within 1 object stream
 0 named destinations out of 1000 (max. 500000)
 1 words of extra memory for PDF output out of 10000 (max. 10000000)

